#
# There is insufficient memory for the Java Runtime Environment to continue.
# Native memory allocation (mmap) failed to map 264241152 bytes. Error detail: G1 virtual space
# Possible reasons:
#   The system is out of physical RAM or swap space
#   This process is running with CompressedOops enabled, and the Java Heap may be blocking the growth of the native heap
# Possible solutions:
#   Reduce memory load on the system
#   Increase physical memory or swap space
#   Check if swap backing store is full
#   Decrease Java heap size (-Xmx/-Xms)
#   Decrease number of Java threads
#   Decrease Java thread stack sizes (-Xss)
#   Set larger code cache with -XX:ReservedCodeCacheSize=
#   JVM is running with Zero Based Compressed Oops mode in which the Java heap is
#     placed in the first 32GB address space. The Java Heap base address is the
#     maximum limit for the native heap growth. Please use -XX:HeapBaseMinAddress
#     to set the Java Heap base and to place the Java Heap above 32GB virtual address.
# This output file may be truncated or incomplete.
#
#  Out of Memory Error (os_windows.cpp:3564), pid=151784, tid=159624
#
# JRE version:  (24.0.1+9) (build )
# Java VM: Java HotSpot(TM) 64-Bit Server VM (24.0.1+9-30, mixed mode, sharing, tiered, compressed oops, compressed class ptrs, g1 gc, windows-amd64)
# No core dump will be written. Minidumps are not enabled by default on client versions of Windows
#

---------------  S U M M A R Y ------------

Command Line: -Dfile.encoding=UTF-8 -Dstdout.encoding=UTF-8 -Dstderr.encoding=UTF-8 -XX:+ShowCodeDetailsInExceptionMessages Maze.GameMain

Host: 11th Gen Intel(R) Core(TM) i5-1155G7 @ 2.50GHz, 8 cores, 15G,  Windows 11 , 64 bit Build 22000 (10.0.22000.2538)
Time: Thu May  8 14:39:50 2025  Windows 11 , 64 bit Build 22000 (10.0.22000.2538) elapsed time: 0.050515 seconds (0d 0h 0m 0s)

---------------  T H R E A D  ---------------

Current thread (0x000001fc12aaf770):  JavaThread "Unknown thread" [_thread_in_vm, id=159624, stack(0x000000acdf000000,0x000000acdf100000) (1024K)]

Stack: [0x000000acdf000000,0x000000acdf100000]
Native frames: (J=compiled Java code, j=interpreted, Vv=VM code, C=native code)
V  [jvm.dll+0x730739]  (no source info available)
V  [jvm.dll+0x8d9b23]  (no source info available)
V  [jvm.dll+0x8dc00d]  (no source info available)
V  [jvm.dll+0x8dc683]  (no source info available)
V  [jvm.dll+0x2aa086]  (no source info available)
V  [jvm.dll+0x72cc65]  (no source info available)
V  [jvm.dll+0x72059a]  (no source info available)
V  [jvm.dll+0x390cea]  (no source info available)
V  [jvm.dll+0x3989f6]  (no source info available)
V  [jvm.dll+0x38523e]  (no source info available)
V  [jvm.dll+0x3854f8]  (no source info available)
V  [jvm.dll+0x35d0cc]  (no source info available)
V  [jvm.dll+0x35dd8d]  (no source info available)
V  [jvm.dll+0x89d28f]  (no source info available)
V  [jvm.dll+0x3f985d]  (no source info available)
V  [jvm.dll+0x8858e6]  (no source info available)
V  [jvm.dll+0x495f3e]  (no source info available)
V  [jvm.dll+0x497d11]  (no source info available)
C  [jli.dll+0x52a1]  (no source info available)
C  [ucrtbase.dll+0x26c0c]  (no source info available)
C  [KERNEL32.DLL+0x153e0]  (no source info available)
C  [ntdll.dll+0x485b]  (no source info available)

Lock stack of current Java thread (top to bottom):


---------------  P R O C E S S  ---------------

Threads class SMR info:
_java_thread_list=0x00007ffdd5a5f318, length=0, elements={
}

Java Threads: ( => current thread )
Total: 0

Other Threads:
  0x000001fc14dc2f70 WorkerThread "GC Thread#0"                     [id=158236, stack(0x000000acdf200000,0x000000acdf300000) (1024K)]
  0x000001fc14dd7a20 ConcurrentGCThread "G1 Main Marker"            [id=41396, stack(0x000000acdf300000,0x000000acdf400000) (1024K)]
  0x000001fc14dd8e50 WorkerThread "G1 Conc#0"                       [id=162684, stack(0x000000acdf400000,0x000000acdf500000) (1024K)]

[error occurred during error reporting (printing all threads), id 0xc0000005, EXCEPTION_ACCESS_VIOLATION (0xc0000005) at pc=0x00007ffdd51914ea]
VM state: not at safepoint (not fully initialized)

VM Mutex/Monitor currently owned by a thread:  ([mutex/lock_event])
[0x00007ffdd5ae45b0] Heap_lock - owner thread: 0x000001fc12aaf770

Heap address: 0x0000000704800000, size: 4024 MB, Compressed Oops mode: Zero based, Oop shift amount: 3

CDS archive(s) mapped at: [0x0000000000000000-0x0000000000000000-0x0000000000000000), size 0, SharedBaseAddress: 0x0000000800000000, ArchiveRelocationMode: 1.
UseCompressedClassPointers 1, UseCompactObjectHeaders 0
Narrow klass pointer bits 32, Max shift 3
Narrow klass base: 0xffffffffffffffff, Narrow klass shift: -1
Encoding Range: [0xffffffffffffffff - 0x000000007fffffff), (2147483648 bytes)
Klass Range:    [0x0000000000000000 - 0x0000000000000000), (0 bytes)
Klass ID Range:  [4294967295 - 0) (1)

GC Precious Log:
 CardTable entry size: 512
 Card Set container configuration: InlinePtr #cards 4 size 8 Array Of Cards #cards 16 size 48 Howl #buckets 8 coarsen threshold 3686 Howl Bitmap #cards 512 size 80 coarsen threshold 460 Card regions per heap region 1 cards per card region 4096

Heap:
 garbage-first heap   total reserved 4120576K, committed 0K, used 0K [0x0000000704800000, 0x0000000800000000)
  region size 2048K, 0 young (0K), 0 survivors (0K)

[error occurred during error reporting (printing heap information), id 0xc0000005, EXCEPTION_ACCESS_VIOLATION (0xc0000005) at pc=0x00007ffdd55ae3e9]
GC Heap History (0 events):
No events

Dll operation events (1 events):
Event: 0.026 Loaded shared library C:\Program Files\Java\jdk-24\bin\java.dll

Deoptimization events (0 events):
No events

Classes loaded (0 events):
No events

Classes unloaded (0 events):
No events

Classes redefined (0 events):
No events

Internal exceptions (0 events):
No events

VM Operations (0 events):
No events

Memory protections (0 events):
No events

Nmethod flushes (0 events):
No events

Events (0 events):
No events


Dynamic libraries:
0x00007ff73ee60000 - 0x00007ff73ee70000 	C:\Program Files\Java\jdk-24\bin\javaw.exe
0x00007ffe42c40000 - 0x00007ffe42e49000 	C:\Windows\SYSTEM32\ntdll.dll
0x00007ffe40ca0000 - 0x00007ffe40d5d000 	C:\Windows\System32\KERNEL32.DLL
0x00007ffe401a0000 - 0x00007ffe40524000 	C:\Windows\System32\KERNELBASE.dll
0x00007ffe40850000 - 0x00007ffe40961000 	C:\Windows\System32\ucrtbase.dll
0x00007ffe08480000 - 0x00007ffe08496000 	C:\Program Files\Java\jdk-24\bin\jli.dll
0x00007ffe415d0000 - 0x00007ffe4177d000 	C:\Windows\System32\USER32.dll
0x00007ffe400d0000 - 0x00007ffe400f6000 	C:\Windows\System32\win32u.dll
0x00007ffe40d70000 - 0x00007ffe40d9a000 	C:\Windows\System32\GDI32.dll
0x00007ffe40970000 - 0x00007ffe40a8e000 	C:\Windows\System32\gdi32full.dll
0x00007ffe40100000 - 0x00007ffe4019d000 	C:\Windows\System32\msvcp_win.dll
0x00007ffe07d60000 - 0x00007ffe07d7b000 	C:\Program Files\Java\jdk-24\bin\VCRUNTIME140.dll
0x00007ffe29520000 - 0x00007ffe297c5000 	C:\Windows\WinSxS\amd64_microsoft.windows.common-controls_6595b64144ccf1df_6.0.22000.120_none_9d947278b86cc467\COMCTL32.dll
0x00007ffe414a0000 - 0x00007ffe41543000 	C:\Windows\System32\msvcrt.dll
0x00007ffe42bc0000 - 0x00007ffe42bf1000 	C:\Windows\System32\IMM32.DLL
0x00007ffe3c1e0000 - 0x00007ffe3c1ec000 	C:\Program Files\Java\jdk-24\bin\vcruntime140_1.dll
0x00007ffdf1490000 - 0x00007ffdf151e000 	C:\Program Files\Java\jdk-24\bin\msvcp140.dll
0x00007ffdd4e20000 - 0x00007ffdd5bc2000 	C:\Program Files\Java\jdk-24\bin\server\jvm.dll
0x00007ffe42b10000 - 0x00007ffe42bbe000 	C:\Windows\System32\ADVAPI32.dll
0x00007ffe42600000 - 0x00007ffe4269e000 	C:\Windows\System32\sechost.dll
0x00007ffe429e0000 - 0x00007ffe42b01000 	C:\Windows\System32\RPCRT4.dll
0x00007ffe40a90000 - 0x00007ffe40aff000 	C:\Windows\System32\WS2_32.dll
0x00007ffe3ea30000 - 0x00007ffe3ea7d000 	C:\Windows\SYSTEM32\POWRPROF.dll
0x00007ffe3dc70000 - 0x00007ffe3dca3000 	C:\Windows\SYSTEM32\WINMM.dll
0x00007ffe35bd0000 - 0x00007ffe35bda000 	C:\Windows\SYSTEM32\VERSION.dll
0x00007ffe3eb20000 - 0x00007ffe3eb33000 	C:\Windows\SYSTEM32\UMPDC.dll
0x00007ffe3f230000 - 0x00007ffe3f248000 	C:\Windows\SYSTEM32\kernel.appcore.dll
0x00007ffe30cf0000 - 0x00007ffe30cfa000 	C:\Program Files\Java\jdk-24\bin\jimage.dll
0x00007ffe3da10000 - 0x00007ffe3dc31000 	C:\Windows\SYSTEM32\DBGHELP.DLL
0x00007ffe3d9c0000 - 0x00007ffe3d9f1000 	C:\Windows\SYSTEM32\dbgcore.DLL
0x00007ffe405a0000 - 0x00007ffe4061f000 	C:\Windows\System32\bcryptPrimitives.dll
0x00007ffe06bc0000 - 0x00007ffe06bde000 	C:\Program Files\Java\jdk-24\bin\java.dll
0x00007ffe41b00000 - 0x00007ffe41c9a000 	C:\Windows\System32\ole32.dll
0x00007ffe41780000 - 0x00007ffe41af6000 	C:\Windows\System32\combase.dll
0x00007ffe41d90000 - 0x00007ffe42555000 	C:\Windows\System32\SHELL32.dll

JVMTI agents: none

dbghelp: loaded successfully - version: 4.0.5 - missing functions: none
symbol engine: initialized successfully - sym options: 0x614 - pdb path: .;C:\Program Files\Java\jdk-24\bin;C:\Windows\SYSTEM32;C:\Windows\WinSxS\amd64_microsoft.windows.common-controls_6595b64144ccf1df_6.0.22000.120_none_9d947278b86cc467;C:\Program Files\Java\jdk-24\bin\server

VM Arguments:
jvm_args: -Dfile.encoding=UTF-8 -Dstdout.encoding=UTF-8 -Dstderr.encoding=UTF-8 -XX:+ShowCodeDetailsInExceptionMessages 
java_command: Maze.GameMain
java_class_path (initial): C:\Users\ddd84\OneDrive\desktop\Maze\Maze\bin
Launcher Type: SUN_STANDARD

[Global flags]
     intx CICompilerCount                          = 4                                         {product} {ergonomic}
     uint ConcGCThreads                            = 2                                         {product} {ergonomic}
     uint G1ConcRefinementThreads                  = 8                                         {product} {ergonomic}
   size_t G1HeapRegionSize                         = 2097152                                   {product} {ergonomic}
   size_t InitialHeapSize                          = 264241152                                 {product} {ergonomic}
   size_t MarkStackSize                            = 4194304                                   {product} {ergonomic}
   size_t MarkStackSizeMax                         = 536870912                                 {product} {ergonomic}
   size_t MaxHeapSize                              = 4219469824                                {product} {ergonomic}
   size_t MinHeapDeltaBytes                        = 2097152                                   {product} {ergonomic}
   size_t MinHeapSize                              = 8388608                                   {product} {ergonomic}
    uintx NonNMethodCodeHeapSize                   = 5832704                                {pd product} {ergonomic}
    uintx NonProfiledCodeHeapSize                  = 122945536                              {pd product} {ergonomic}
    uintx ProfiledCodeHeapSize                     = 122880000                              {pd product} {ergonomic}
    uintx ReservedCodeCacheSize                    = 251658240                              {pd product} {ergonomic}
     bool SegmentedCodeCache                       = true                                      {product} {ergonomic}
     bool ShowCodeDetailsInExceptionMessages       = true                                   {manageable} {command line}
   size_t SoftMaxHeapSize                          = 4219469824                             {manageable} {ergonomic}
     bool UseCompressedOops                        = true                           {product lp64_product} {ergonomic}
     bool UseG1GC                                  = true                                      {product} {ergonomic}
     bool UseLargePagesIndividualAllocation        = false                                  {pd product} {ergonomic}

Logging:
Log output configuration:
 #0: stdout all=warning uptime,level,tags foldmultilines=false
 #1: stderr all=off uptime,level,tags foldmultilines=false

Environment Variables:
JAVA_HOME=C:\Program Files\Java\jdk-24
CLASSPATH=%JAVA_HOME%\lib;
PATH=C:\Program Files\Common Files\Oracle\Java\javapath;c:\Users\ddd84\AppData\Local\Programs\cursor\resources\app\bin;C:\Program Files (x86)\Common Files\Oracle\Java\java8path;C:\Program Files (x86)\Common Files\Oracle\Java\javapath;C:\Windows\system32;C:\Windows;C:\Windows\System32\Wbem;C:\Windows\System32\WindowsPowerShell\v1.0\;C:\Windows\System32\OpenSSH\;C:\Program Files\dotnet\;C:\Program Files\Bandizip\;C:\Program Files\Microsoft SQL Server\150\Tools\Binn\;C:\Program Files\Microsoft SQL Server\Client SDK\ODBC\170\Tools\Binn\;C:\Program Files (x86)\Windows Kits\10\Windows Performance Toolkit\;C:\Program Files\Git\cmd;C:\Users\ddd84\AppData\Local\Programs\Python\Python312\Scripts;C:\Users\ddd84\AppData\Local\Programs\Python\Python312;C:\Program Files\nodejs\;C:\Users\ddd84\AppData\Local\Microsoft\WindowsApps;C:\Program Files\JetBrains\PyCharm Community Edition 2021.3.2\bin;C:\Users\ddd84\.dotnet\tools;C:\Users\ddd84\AppData\Local\GitHubDesktop\bin;C:\Users\ddd84\AppData\Local\Programs\Python\Python312;C:\Users\ddd84\AppData\Local\Programs\Python\Python312\Scripts;C:\MinGW\bin;%JAVA_HOME%\bin;C:\Users\ddd84\AppData\Local\Microsoft\WindowsApps;C:\Program Files\JetBrains\PyCharm Community Edition 2021.3.2\bin;;C:\Users\ddd84\.dotnet\tools;C:\Users\ddd84\AppData\Local\GitHubDesktop\bin;C:\Users\ddd84\AppData\Local\Programs\Python\Python312;C:\Users\ddd84\AppData\Local\Programs\Python\Python312\Scripts;C:\Users\ddd84\AppData\Local\Programs\Microsoft VS Code\bin;C:\Users\ddd84\AppData\Local\Programs\cursor\resources\app\bin;C:\Users\ddd84\AppData\Roaming\npm;C:\Users\ddd84\AppData\Local\Programs\Windsurf\bin
USERNAME=ddd84
OS=Windows_NT
PROCESSOR_IDENTIFIER=Intel64 Family 6 Model 140 Stepping 2, GenuineIntel
TMP=C:\Users\ddd84\AppData\Local\Temp
TEMP=C:\Users\ddd84\AppData\Local\Temp




Periodic native trim disabled

---------------  S Y S T E M  ---------------

OS:
 Windows 11 , 64 bit Build 22000 (10.0.22000.2538)
OS uptime: 3 days 12:21 hours

CPU: total 8 (initial active 8) (4 cores per cpu, 2 threads per core) family 6 model 140 stepping 2 microcode 0x16, cx8, cmov, fxsr, ht, mmx, 3dnowpref, sse, sse2, sse3, ssse3, sse4.1, sse4.2, popcnt, lzcnt, tsc, tscinvbit, avx, avx2, aes, erms, clmul, bmi1, bmi2, adx, avx512f, avx512dq, avx512cd, avx512bw, avx512vl, sha, fma, vzeroupper, avx512_vpopcntdq, avx512_vpclmulqdq, avx512_vaes, avx512_vnni, clflush, clflushopt, clwb, avx512_vbmi2, avx512_vbmi, rdtscp, rdpid, fsrm, gfni, avx512_bitalg, f16c, pku, cet_ibt, cet_ss, avx512_ifma
Processor Information for processor 0
  Max Mhz: 2496, Current Mhz: 2496, Mhz Limit: 2496
Processor Information for processor 1
  Max Mhz: 2496, Current Mhz: 2496, Mhz Limit: 2496
Processor Information for processor 2
  Max Mhz: 2496, Current Mhz: 2496, Mhz Limit: 2496
Processor Information for processor 3
  Max Mhz: 2496, Current Mhz: 998, Mhz Limit: 2496
Processor Information for processor 4
  Max Mhz: 2496, Current Mhz: 2496, Mhz Limit: 2496
Processor Information for processor 5
  Max Mhz: 2496, Current Mhz: 2496, Mhz Limit: 2496
Processor Information for processor 6
  Max Mhz: 2496, Current Mhz: 2496, Mhz Limit: 2496
Processor Information for processor 7
  Max Mhz: 2496, Current Mhz: 998, Mhz Limit: 2496

Memory: 4k page, system-wide physical 16092M (2052M free)
TotalPageFile size 16092M (AvailPageFile size 175M)
current process WorkingSet (physical memory assigned to process): 12M, peak: 12M
current process commit charge ("private bytes"): 60M, peak: 312M

vm_info: Java HotSpot(TM) 64-Bit Server VM (24.0.1+9-30) for windows-amd64 JRE (24.0.1+9-30), built on 2025-03-05T07:23:45Z with MS VC++ 17.6 (VS2022)

END.
