#
# A fatal error has been detected by the Java Runtime Environment:
#
#  EXCEPTION_ACCESS_VIOLATION (0xc0000005) at pc=0x00007ffe30cf1b85, pid=164648, tid=164664
#
# JRE version:  (24.0.1+9) (build )
# Java VM: Java HotSpot(TM) 64-Bit Server VM (24.0.1+9-30, mixed mode, sharing, tiered, compressed class ptrs, unknown gc, windows-amd64)
# Problematic frame:
# C  [jimage.dll+0x1b85]
#
# No core dump will be written. Minidumps are not enabled by default on client versions of Windows
#
#

---------------  S U M M A R Y ------------

Command Line: 

Host: 11th Gen Intel(R) Core(TM) i5-1155G7 @ 2.50GHz, 8 cores, 15G,  Windows 11 , 64 bit Build 22000 (10.0.22000.2538)
Time: Thu May  8 14:40:23 2025  Windows 11 , 64 bit Build 22000 (10.0.22000.2538) elapsed time: 0.007963 seconds (0d 0h 0m 0s)

---------------  T H R E A D  ---------------

Current thread is native thread

Stack: [0x000000e024d00000,0x000000e024e00000],  sp=0x000000e024dfd4b0,  free space=1013k
Native frames: (J=compiled Java code, j=interpreted, Vv=VM code, C=native code)
C  [jimage.dll+0x1b85]  (no source info available)
C  [jimage.dll+0x1d13]  (no source info available)
C  [jimage.dll+0x25dd]  (no source info available)
V  [jvm.dll+0x243db2]  (no source info available)
V  [jvm.dll+0xd27b0]  (no source info available)
V  [jvm.dll+0x8856f3]  (no source info available)
V  [jvm.dll+0x495f3e]  (no source info available)
V  [jvm.dll+0x497d11]  (no source info available)
C  [jli.dll+0x52a1]  (no source info available)
C  [ucrtbase.dll+0x26c0c]  (no source info available)
C  [KERNEL32.DLL+0x153e0]  (no source info available)
C  [ntdll.dll+0x485b]  (no source info available)


siginfo: EXCEPTION_ACCESS_VIOLATION (0xc0000005), reading address 0x000000000000228c


Registers:
RAX=0x000000000000089c, RBX=0x000000e024dfd5a1, RCX=0x00007ffe30cf6000, RDX=0x000000000000089c
RSP=0x000000e024dfd4b0, RBP=0x000000e024dfd5a0, RSI=0x00000000000075f4, RDI=0x000000e024dfd5a0
R8 =0x00007ffe30cf4298, R9 =0x000000000000001c, R10=0x00007ffe07d60000, R11=0x00007ffe30cf6000
R12=0x0000000000000000, R13=0x000000e024dff790, R14=0x000000e024dfe610, R15=0x00007ffdd583ee20
RIP=0x00007ffe30cf1b85, EFLAGS=0x0000000000010246

XMM[0]=0x0000000000000000 0x0000000000000000
XMM[1]=0x2f6d762f6c616e72 0x65746e692f6b646a
XMM[2]=0x736e6f6974706f2f 0x6d762f6c616e7265
XMM[3]=0x0000000000000000 0x0000000000000000
XMM[4]=0x0000000000000000 0x0000000000000000
XMM[5]=0x0000000000000000 0x0000000000000000
XMM[6]=0x0000000000000000 0x0000000000000000
XMM[7]=0x0000000000000000 0x0000000000000000
XMM[8]=0x0000000000000000 0x0000000000000000
XMM[9]=0x0000000000000000 0x0000000000000000
XMM[10]=0x0000000000000000 0x0000000000000000
XMM[11]=0x0000000000000000 0x0000000000000000
XMM[12]=0x0000000000000000 0x0000000000000000
XMM[13]=0x0000000000000000 0x0000000000000000
XMM[14]=0x0000000000000000 0x0000000000000000
XMM[15]=0x0000000000000000 0x0000000000000000
  MXCSR=0x00001f80


Top of Stack: (sp=0x000000e024dfd4b0)
0x000000e024dfd4b0:   0000000000000000 0000000000000000   ................
0x000000e024dfd4c0:   0000000000000000 0000000000000000   ................
0x000000e024dfd4d0:   000002a803b5f020 00007ffe30cf1d13    ..........0....
0x000000e024dfd4e0:   000000000000000b 000002a803b5f020   ........ .......
0x000000e024dfd4f0:   0000000000000000 0000000000000000   ................
0x000000e024dfd500:   0000000000000000 0000000000000000   ................
0x000000e024dfd510:   0000000000000000 0000000000000000   ................
0x000000e024dfd520:   0000000000000000 0000000000000000   ................
0x000000e024dfd530:   0000000000000000 0000000000000000   ................
0x000000e024dfd540:   00005e18b4996c92 0000000000000000   .l...^..........
0x000000e024dfd550:   00007ffdd581bdf0 0000000000000017   ................
0x000000e024dfd560:   000002a803b5f020 000000e024dfe610    ..........$....
0x000000e024dfd570:   000000000000000b 00007ffe30cf25dd   .........%.0....
0x000000e024dfd580:   0000000000000000 0000000000000000   ................
0x000000e024dfd590:   0000000000000000 0000000000000000   ................
0x000000e024dfd5a0:   61622e6176616a2f 692f6b646a2f6573   /java.base/jdk/i
0x000000e024dfd5b0:   2f6c616e7265746e 6f6974706f2f6d76   nternal/vm/optio
0x000000e024dfd5c0:   000000000000736e 0000000000000000   ns..............
0x000000e024dfd5d0:   0000000000000000 0000000000000000   ................
0x000000e024dfd5e0:   0000000000000000 0000000000000000   ................
0x000000e024dfd5f0:   0000000000000000 0000000000000000   ................
0x000000e024dfd600:   0000000000000000 0000000000000000   ................
0x000000e024dfd610:   0000000000000000 0000000000000000   ................
0x000000e024dfd620:   0000000000000000 0000000000000000   ................
0x000000e024dfd630:   0000000000000000 0000000000000000   ................
0x000000e024dfd640:   0000000000000000 0000000000000000   ................
0x000000e024dfd650:   0000000000000000 0000000000000000   ................
0x000000e024dfd660:   0000000000000000 0000000000000000   ................
0x000000e024dfd670:   0000000000000000 0000000040000141   ........A..@....
0x000000e024dfd680:   000002a803b5a730 00007ffe42c6b8ec   0..........B....
0x000000e024dfd690:   000002a803b40000 000000e024dfd989   ...........$....
0x000000e024dfd6a0:   000002a805d76bc0 000002a803b75620   .k...... V......

Instructions: (pc=0x00007ffe30cf1b85)
  0x00007ffe30cf1a85:   48 85 c9 74 1d 80 3d 7f 45 00 00 00 74 06 48 8b
  0x00007ffe30cf1a95:   53 18 eb 04 48 8b 53 40 e8 9a 0e 00 00 48 83 63
  0x00007ffe30cf1aa5:   48 00 8b 4b 0c 83 f9 ff 74 09 e8 d0 0c 00 00 83
  0x00007ffe30cf1ab5:   4b 0c ff 48 8b 4b 70 48 85 c9 74 0f ba 10 00 00
  0x00007ffe30cf1ac5:   00 e8 f1 0e 00 00 48 83 63 70 00 48 83 c4 20 5b
  0x00007ffe30cf1ad5:   c3 cc cc 40 53 48 83 ec 20 48 8b d9 48 8d 0d 38
  0x00007ffe30cf1ae5:   47 00 00 e8 9f 0c 00 00 83 6b 08 01 75 24 48 8b
  0x00007ffe30cf1af5:   d3 48 8d 0d 1b 45 00 00 e8 22 08 00 00 48 8b cb
  0x00007ffe30cf1b05:   e8 d6 fe ff ff ba 78 00 00 00 48 8b cb e8 a5 0e
  0x00007ffe30cf1b15:   00 00 48 8d 0d 02 47 00 00 48 83 c4 20 5b e9 6c
  0x00007ffe30cf1b25:   0c 00 00 48 89 5c 24 08 48 89 74 24 10 57 48 83
  0x00007ffe30cf1b35:   ec 20 41 8b f1 4d 8b c8 48 8b fa 4c 8b d9 4d 85
  0x00007ffe30cf1b45:   c0 74 78 85 f6 74 74 44 8a 12 48 8d 5a 01 48 8b
  0x00007ffe30cf1b55:   d3 b8 93 01 00 01 eb 12 69 c0 93 01 00 01 41 0f
  0x00007ffe30cf1b65:   b6 ca 44 8a 12 33 c1 48 ff c2 45 84 d2 75 e9 4d
  0x00007ffe30cf1b75:   8b 03 0f ba f0 1f 33 d2 49 8b cb f7 f6 48 63 c2
=>0x00007ffe30cf1b85:   41 8b 14 81 41 ff 50 08 85 c0 7e 24 8a 0f eb 10
  0x00007ffe30cf1b95:   69 c0 93 01 00 01 0f b6 c9 33 c1 8a 0b 48 ff c3
  0x00007ffe30cf1ba5:   84 c9 75 ec 0f ba f0 1f 33 d2 f7 f6 8b c2 eb 0e
  0x00007ffe30cf1bb5:   79 09 83 c9 ff 2b c8 8b c1 eb 03 83 c8 ff 48 8b
  0x00007ffe30cf1bc5:   5c 24 30 48 8b 74 24 38 48 83 c4 20 5f c3 cc 48
  0x00007ffe30cf1bd5:   89 5c 24 08 48 89 74 24 10 57 48 83 ec 20 48 8b
  0x00007ffe30cf1be5:   f1 48 8d 0d 33 46 00 00 e8 9a 0b 00 00 33 ff 39
  0x00007ffe30cf1bf5:   3d 1e 44 00 00 76 24 48 8b 05 1d 44 00 00 48 8b
  0x00007ffe30cf1c05:   d6 48 8b 1c f8 48 8b 0b e8 68 1e 00 00 85 c0 74
  0x00007ffe30cf1c15:   2b ff c7 3b 3d fa 43 00 00 72 dc 33 db 48 8d 0d
  0x00007ffe30cf1c25:   f7 45 00 00 e8 66 0b 00 00 48 8b 74 24 38 48 8b
  0x00007ffe30cf1c35:   c3 48 8b 5c 24 30 48 83 c4 20 5f c3 ff 43 08 eb
  0x00007ffe30cf1c45:   dc cc cc 48 89 5c 24 08 48 89 74 24 10 57 48 83
  0x00007ffe30cf1c55:   ec 20 48 8b d9 48 8b f2 48 8b 49 10 49 8b f8 8b
  0x00007ffe30cf1c65:   53 30 48 8b 01 ff 50 20 4c 8b 43 50 48 8b d6 48
  0x00007ffe30cf1c75:   8b 4b 10 44 8b c8 e8 a8 fe ff ff 83 f8 ff 74 38



---------------  P R O C E S S  ---------------

VM state: not at safepoint (not fully initialized)

VM Mutex/Monitor currently owned by a thread: None

CDS archive(s) mapped at: [0x0000000000000000-0x0000000000000000-0x0000000000000000), size 0, SharedBaseAddress: 0x0000000800000000, ArchiveRelocationMode: 1.
UseCompressedClassPointers 1, UseCompactObjectHeaders 0
Narrow klass pointer bits -1, Max shift -1
Narrow klass base: 0xffffffffffffffff, Narrow klass shift: -1
Encoding Range: [0xffffffffffffffff - 0x3fffffffffffffff), (4611686018427387904 bytes)
Klass Range:    [0x0000000000000000 - 0x0000000000000000), (0 bytes)
Klass ID Range:  [4294967295 - 0) (1)

GC Precious Log:
<Not initialized>


Dynamic libraries:
0x00007ff73ee60000 - 0x00007ff73ee70000 	C:\Program Files\Java\jdk-24\bin\javaw.exe
0x00007ffe42c40000 - 0x00007ffe42e49000 	C:\Windows\SYSTEM32\ntdll.dll
0x00007ffe40ca0000 - 0x00007ffe40d5d000 	C:\Windows\System32\KERNEL32.DLL
0x00007ffe401a0000 - 0x00007ffe40524000 	C:\Windows\System32\KERNELBASE.dll
0x00007ffe40850000 - 0x00007ffe40961000 	C:\Windows\System32\ucrtbase.dll
0x00007ffe07d60000 - 0x00007ffe07d7b000 	C:\Program Files\Java\jdk-24\bin\VCRUNTIME140.dll
0x00007ffe08480000 - 0x00007ffe08496000 	C:\Program Files\Java\jdk-24\bin\jli.dll
0x00007ffe415d0000 - 0x00007ffe4177d000 	C:\Windows\System32\USER32.dll
0x00007ffe400d0000 - 0x00007ffe400f6000 	C:\Windows\System32\win32u.dll
0x00007ffe29520000 - 0x00007ffe297c5000 	C:\Windows\WinSxS\amd64_microsoft.windows.common-controls_6595b64144ccf1df_6.0.22000.120_none_9d947278b86cc467\COMCTL32.dll
0x00007ffe40d70000 - 0x00007ffe40d9a000 	C:\Windows\System32\GDI32.dll
0x00007ffe414a0000 - 0x00007ffe41543000 	C:\Windows\System32\msvcrt.dll
0x00007ffe40970000 - 0x00007ffe40a8e000 	C:\Windows\System32\gdi32full.dll
0x00007ffe40100000 - 0x00007ffe4019d000 	C:\Windows\System32\msvcp_win.dll
0x00007ffe42bc0000 - 0x00007ffe42bf1000 	C:\Windows\System32\IMM32.DLL
0x00007ffe3c1e0000 - 0x00007ffe3c1ec000 	C:\Program Files\Java\jdk-24\bin\vcruntime140_1.dll
0x00007ffdf1490000 - 0x00007ffdf151e000 	C:\Program Files\Java\jdk-24\bin\msvcp140.dll
0x00007ffdd4e20000 - 0x00007ffdd5bc2000 	C:\Program Files\Java\jdk-24\bin\server\jvm.dll
0x00007ffe42b10000 - 0x00007ffe42bbe000 	C:\Windows\System32\ADVAPI32.dll
0x00007ffe42600000 - 0x00007ffe4269e000 	C:\Windows\System32\sechost.dll
0x00007ffe429e0000 - 0x00007ffe42b01000 	C:\Windows\System32\RPCRT4.dll
0x00007ffe40a90000 - 0x00007ffe40aff000 	C:\Windows\System32\WS2_32.dll
0x00007ffe3ea30000 - 0x00007ffe3ea7d000 	C:\Windows\SYSTEM32\POWRPROF.dll
0x00007ffe3dc70000 - 0x00007ffe3dca3000 	C:\Windows\SYSTEM32\WINMM.dll
0x00007ffe35bd0000 - 0x00007ffe35bda000 	C:\Windows\SYSTEM32\VERSION.dll
0x00007ffe3eb20000 - 0x00007ffe3eb33000 	C:\Windows\SYSTEM32\UMPDC.dll
0x00007ffe3f230000 - 0x00007ffe3f248000 	C:\Windows\SYSTEM32\kernel.appcore.dll
0x00007ffe30cf0000 - 0x00007ffe30cfa000 	C:\Program Files\Java\jdk-24\bin\jimage.dll
0x00007ffe3da10000 - 0x00007ffe3dc31000 	C:\Windows\SYSTEM32\DBGHELP.DLL
0x00007ffe3d9c0000 - 0x00007ffe3d9f1000 	C:\Windows\SYSTEM32\dbgcore.DLL
0x00007ffe405a0000 - 0x00007ffe4061f000 	C:\Windows\System32\bcryptPrimitives.dll

JVMTI agents: none

dbghelp: loaded successfully - version: 4.0.5 - missing functions: none
symbol engine: initialized successfully - sym options: 0x614 - pdb path: .;C:\Program Files\Java\jdk-24\bin;C:\Windows\SYSTEM32;C:\Windows\WinSxS\amd64_microsoft.windows.common-controls_6595b64144ccf1df_6.0.22000.120_none_9d947278b86cc467;C:\Program Files\Java\jdk-24\bin\server

VM Arguments:
java_command: <unknown>
java_class_path (initial): <not set>
Launcher Type: SUN_STANDARD

[Global flags]
     bool UseLargePagesIndividualAllocation        = false                                  {pd product} {ergonomic}

Logging:
Log output configuration:
 #0: stdout all=warning uptime,level,tags foldmultilines=false
 #1: stderr all=off uptime,level,tags foldmultilines=false

Environment Variables:
JAVA_HOME=C:\Program Files\Java\jdk-24
CLASSPATH=%JAVA_HOME%\lib;
PATH=C:\Program Files\Common Files\Oracle\Java\javapath;c:\Users\ddd84\AppData\Local\Programs\cursor\resources\app\bin;C:\Program Files (x86)\Common Files\Oracle\Java\java8path;C:\Program Files (x86)\Common Files\Oracle\Java\javapath;C:\Windows\system32;C:\Windows;C:\Windows\System32\Wbem;C:\Windows\System32\WindowsPowerShell\v1.0\;C:\Windows\System32\OpenSSH\;C:\Program Files\dotnet\;C:\Program Files\Bandizip\;C:\Program Files\Microsoft SQL Server\150\Tools\Binn\;C:\Program Files\Microsoft SQL Server\Client SDK\ODBC\170\Tools\Binn\;C:\Program Files (x86)\Windows Kits\10\Windows Performance Toolkit\;C:\Program Files\Git\cmd;C:\Users\ddd84\AppData\Local\Programs\Python\Python312\Scripts;C:\Users\ddd84\AppData\Local\Programs\Python\Python312;C:\Program Files\nodejs\;C:\Users\ddd84\AppData\Local\Microsoft\WindowsApps;C:\Program Files\JetBrains\PyCharm Community Edition 2021.3.2\bin;C:\Users\ddd84\.dotnet\tools;C:\Users\ddd84\AppData\Local\GitHubDesktop\bin;C:\Users\ddd84\AppData\Local\Programs\Python\Python312;C:\Users\ddd84\AppData\Local\Programs\Python\Python312\Scripts;C:\MinGW\bin;%JAVA_HOME%\bin;C:\Users\ddd84\AppData\Local\Microsoft\WindowsApps;C:\Program Files\JetBrains\PyCharm Community Edition 2021.3.2\bin;;C:\Users\ddd84\.dotnet\tools;C:\Users\ddd84\AppData\Local\GitHubDesktop\bin;C:\Users\ddd84\AppData\Local\Programs\Python\Python312;C:\Users\ddd84\AppData\Local\Programs\Python\Python312\Scripts;C:\Users\ddd84\AppData\Local\Programs\Microsoft VS Code\bin;C:\Users\ddd84\AppData\Local\Programs\cursor\resources\app\bin;C:\Users\ddd84\AppData\Roaming\npm;C:\Users\ddd84\AppData\Local\Programs\Windsurf\bin
USERNAME=ddd84
OS=Windows_NT
PROCESSOR_IDENTIFIER=Intel64 Family 6 Model 140 Stepping 2, GenuineIntel
TMP=C:\Users\ddd84\AppData\Local\Temp
TEMP=C:\Users\ddd84\AppData\Local\Temp




Periodic native trim disabled

---------------  S Y S T E M  ---------------

OS:
 Windows 11 , 64 bit Build 22000 (10.0.22000.2538)
OS uptime: 3 days 12:22 hours

CPU: total 8 (initial active 0) 
Processor Information for processor 0
  Max Mhz: 2496, Current Mhz: 2496, Mhz Limit: 2496
Processor Information for processor 1
  Max Mhz: 2496, Current Mhz: 2496, Mhz Limit: 2496
Processor Information for processor 2
  Max Mhz: 2496, Current Mhz: 998, Mhz Limit: 2496
Processor Information for processor 3
  Max Mhz: 2496, Current Mhz: 998, Mhz Limit: 2496
Processor Information for processor 4
  Max Mhz: 2496, Current Mhz: 2496, Mhz Limit: 2496
Processor Information for processor 5
  Max Mhz: 2496, Current Mhz: 2496, Mhz Limit: 2496
Processor Information for processor 6
  Max Mhz: 2496, Current Mhz: 2496, Mhz Limit: 2496
Processor Information for processor 7
  Max Mhz: 2496, Current Mhz: 998, Mhz Limit: 2496

Memory: 4k page, system-wide physical 16092M (1799M free)
TotalPageFile size 16092M (AvailPageFile size 114M)
current process WorkingSet (physical memory assigned to process): 8M, peak: 8M
current process commit charge ("private bytes"): 3M, peak: 3M

vm_info: Java HotSpot(TM) 64-Bit Server VM (24.0.1+9-30) for windows-amd64 JRE (24.0.1+9-30), built on 2025-03-05T07:23:45Z with MS VC++ 17.6 (VS2022)

END.
